
======================================================================
Single-stage init parity
======================================================================
repo sha:     aae173ebee97ff457c965e4ce8bcecaf859ca142
jax:          0.9.2
jaxlib:       0.9.2
backend:      gpu
devices:      ['cuda:0']
x64 enabled:  True
lane:         private-optimizer
fixture:      real-single-stage-init
platform arg: cuda
compile:      persistent compilation cache enabled; subprocess launches may reuse cached compilations
strict:       False
cache policy: explicit
cache dir:    /workspace/simsopt-jax-signoff/repo/.artifacts/jax_compilation_cache/single_stage_init_parity-cuda-nvidia-h200
peak RSS:     700.3 MB

===== Starting single stage optimization for mpol = 10 =====
Single-stage search policy (donor_class=projected_supported_surface, policy=global_search, adaptive_failure_penalty_weight=2, invalid_step_retry_budget=0, retry_step_shrink_factor=0.5, initial_phase_auto_enabled=False)
Generating JAX Boozer least squares surface...
bfgs-ondevice solve - success=True  iter=0, iota=0.2265058587200608, ||grad||_inf=5.845e-16
NEWTON solve - success=True  iter=0, iota=0.2265058587200608, ||grad||=2.553e-15
G0 from solve: 2.010619302541896
iota from solve: 0.22650585872006085
Volume: 0.059907180256805706
Skipping single-stage optimizer because --init-only was provided.
Volume: 0.05990718025680589
Iota: 0.22650585872006085
Max Curvature: 99.99440906282656
W0425 00:27:38.028830   67678 pjrt_executable.cc:642] Assume version compatibility. PjRt-IFRT does not track XLA executable versions.
W0425 00:27:40.823442   67678 pjrt_executable.cc:642] Assume version compatibility. PjRt-IFRT does not track XLA executable versions.
W0425 00:27:42.607569   67678 pjrt_executable.cc:642] Assume version compatibility. PjRt-IFRT does not track XLA executable versions.
W0425 00:27:43.589178   67678 pjrt_executable.cc:642] Assume version compatibility. PjRt-IFRT does not track XLA executable versions.
W0425 00:27:44.306756   67678 pjrt_executable.cc:642] Assume version compatibility. PjRt-IFRT does not track XLA executable versions.
W0425 00:27:44.409129   67678 pjrt_executable.cc:642] Assume version compatibility. PjRt-IFRT does not track XLA executable versions.
W0425 00:27:45.403255   67678 pjrt_executable.cc:642] Assume version compatibility. PjRt-IFRT does not track XLA executable versions.
W0425 00:28:12.178789   67678 pjrt_executable.cc:642] Assume version compatibility. PjRt-IFRT does not track XLA executable versions.
W0425 00:28:13.996212   67678 pjrt_executable.cc:642] Assume version compatibility. PjRt-IFRT does not track XLA executable versions.
W0425 00:28:14.033257   67678 pjrt_executable.cc:642] Assume version compatibility. PjRt-IFRT does not track XLA executable versions.
W0425 00:41:28.895302   67678 pjrt_executable.cc:642] Assume version compatibility. PjRt-IFRT does not track XLA executable versions.
W0425 00:41:40.750164   67678 pjrt_executable.cc:642] Assume version compatibility. PjRt-IFRT does not track XLA executable versions.
W0425 00:41:43.920223   67678 pjrt_executable.cc:642] Assume version compatibility. PjRt-IFRT does not track XLA executable versions.
W0425 00:41:44.740430   67678 pjrt_executable.cc:642] Assume version compatibility. PjRt-IFRT does not track XLA executable versions.

===== Starting single stage optimization for mpol = 10 =====
Single-stage search policy (donor_class=projected_supported_surface, policy=global_search, adaptive_failure_penalty_weight=2, invalid_step_retry_budget=0, retry_step_shrink_factor=0.5, initial_phase_auto_enabled=False)
Generating JAX Boozer least squares surface...
bfgs-ondevice solve - success=True  iter=0, iota=0.2265058587200608, ||grad||_inf=5.667e-16
NEWTON solve - success=True  iter=0, iota=0.2265058587200608, ||grad||=2.775e-15
G0 from solve: 2.010619302541896
iota from solve: 0.22650585872006085
Volume: 0.059907180256805706
Skipping single-stage optimizer because --init-only was provided.
Volume: 0.059907180256805914
Iota: 0.22650585872006085
Max Curvature: 99.99440906282655
CPU vs JAX: |iota diff|=0.00e+00, volume rel_diff=3.47e-16, field error rel_diff=4.59e-15, surface rel_diff=0.00e+00
NOTE: Surface geometry drift comparison was skipped because --benchmark-mode suppresses the surf_init.json artifact.
SINGLE-STAGE INIT PARITY PASSED
